<?xml version="1.0" encoding="UTF-8"?>
<testsuite name="GreetingTest" tests="1" skipped="0" failures="0" errors="0" timestamp="2021-12-07T13:55:12" hostname="GUSINA" time="0.003">
  <properties/>
  <testcase name="GreetingGetContentTest" classname="GreetingTest" time="0.003"/>
  <system-out><![CDATA[21:55:10.453 [Test worker] DEBUG org.springframework.test.context.support.AbstractDirtiesContextTestExecutionListener - Before test class: context [DefaultTestContext@b5454c6 testClass = GreetingTest, testInstance = [null], testMethod = [null], testException = [null], mergedContextConfiguration = [WebMergedContextConfiguration@44621807 testClass = GreetingTest, locations = '{}', classes = '{class com.example.DecemberApplicationContext}', contextInitializerClasses = '[]', activeProfiles = '{}', propertySourceLocations = '{}', propertySourceProperties = '{org.springframework.boot.test.context.SpringBootTestContextBootstrapper=true}', contextCustomizers = set[org.springframework.boot.test.autoconfigure.actuate.metrics.MetricsExportContextCustomizerFactory$DisableMetricExportContextCustomizer@26d10c21, org.springframework.boot.test.autoconfigure.properties.PropertyMappingContextCustomizer@0, org.springframework.boot.test.autoconfigure.web.servlet.WebDriverContextCustomizerFactory$Customizer@58a428ce, org.springframework.boot.test.context.filter.ExcludeFilterContextCustomizer@63721b2, org.springframework.boot.test.json.DuplicateJsonObjectContextCustomizerFactory$DuplicateJsonObjectContextCustomizer@606e48c6, org.springframework.boot.test.mock.mockito.MockitoContextCustomizer@0, org.springframework.boot.test.web.client.TestRestTemplateContextCustomizer@7235d018, org.springframework.boot.test.context.SpringBootTestArgs@1, org.springframework.boot.test.context.SpringBootTestWebEnvironment@416fa02], resourceBasePath = 'src/main/webapp', contextLoader = 'org.springframework.boot.test.context.SpringBootContextLoader', parent = [null]], attributes = map['org.springframework.test.context.web.ServletTestExecutionListener.activateListener' -> true]], class annotated with @DirtiesContext [false] with mode [null].
21:55:10.478 [Test worker] DEBUG org.springframework.test.context.support.TestPropertySourceUtils - Adding inlined properties to environment: {spring.jmx.enabled=false, org.springframework.boot.test.context.SpringBootTestContextBootstrapper=true}

  .   ____          _            __ _ _
 /\\ / ___'_ __ _ _(_)_ __  __ _ \ \ \ \
( ( )\___ | '_ | '_| | '_ \/ _` | \ \ \ \
 \\/  ___)| |_)| | | | | || (_| |  ) ) ) )
  '  |____| .__|_| |_|_| |_\__, | / / / /
 =========|_|==============|___/=/_/_/_/
 :: Spring Boot ::                (v2.5.2)

2021-12-07 21:55:10.708  INFO 15812 --- [    Test worker] GreetingTest                             : Starting GreetingTest using Java 1.8.0_212 on gusina with PID 15812 (D:\gusina\December\december-core\build\classes\java\test started by gusina in D:\gusina\December\december-core)
2021-12-07 21:55:10.711  INFO 15812 --- [    Test worker] GreetingTest                             : No active profile set, falling back to default profiles: default
2021-12-07 21:55:12.052  INFO 15812 --- [    Test worker] GreetingTest                             : Started GreetingTest in 1.567 seconds (JVM running for 2.783)
]]></system-out>
  <system-err><![CDATA[]]></system-err>
</testsuite>
